
> vibe-generated-app@1.0.0 dev
> vite


  VITE v5.4.20  ready in 214 ms

  ➜  Local:   http://localhost:3000/
  ➜  Network: http://172.20.0.232:3000/
10:40:46 PM [vite] Pre-transform error: Failed to resolve import "recharts" from "src/components/Charts.jsx". Does the file exist?
10:40:46 PM [vite] ✨ new dependencies optimized: lucide-react, @splinetool/react-spline, framer-motion
10:40:46 PM [vite] ✨ optimized dependencies changed. reloading
10:40:47 PM [vite] Pre-transform error: Failed to resolve import "recharts" from "src/components/Charts.jsx". Does the file exist?
The file does not exist at "/home/workspace/node_modules/.vite/deps/chunk-I4MZPW7S.js?v=35394813" which is in the optimize deps directory. The dependency might be incompatible with the dep optimizer. Try adding it to `optimizeDeps.exclude`.
10:40:49 PM [vite] Internal server error: Failed to resolve import "recharts" from "src/components/Charts.jsx". Does the file exist?
  Plugin: vite:import-analysis
  File: /home/workspace/src/components/Charts.jsx:5:7
  14 |    Cell,
  15 |    Legend
  16 |  } from "recharts";
     |          ^
  17 |  import { motion } from "framer-motion";
  18 |  const monthly = [
      at TransformPluginContext._formatError (file:///home/workspace/node_modules/vite/dist/node/chunks/dep-D_zLpgQd.js:49258:41)
      at TransformPluginContext.error (file:///home/workspace/node_modules/vite/dist/node/chunks/dep-D_zLpgQd.js:49253:16)
      at normalizeUrl (file:///home/workspace/node_modules/vite/dist/node/chunks/dep-D_zLpgQd.js:64306:23)
      at process.processTicksAndRejections (node:internal/process/task_queues:105:5)
      at async file:///home/workspace/node_modules/vite/dist/node/chunks/dep-D_zLpgQd.js:64438:39
      at async Promise.all (index 2)
      at async TransformPluginContext.transform (file:///home/workspace/node_modules/vite/dist/node/chunks/dep-D_zLpgQd.js:64365:7)
      at async PluginContainer.transform (file:///home/workspace/node_modules/vite/dist/node/chunks/dep-D_zLpgQd.js:49099:18)
      at async loadAndTransform (file:///home/workspace/node_modules/vite/dist/node/chunks/dep-D_zLpgQd.js:51977:27)
      at async viteTransformMiddleware (file:///home/workspace/node_modules/vite/dist/node/chunks/dep-D_zLpgQd.js:62105:24)
10:41:09 PM [vite] Internal server error: Failed to resolve import "recharts" from "src/components/Charts.jsx". Does the file exist?
  Plugin: vite:import-analysis
  File: /home/workspace/src/components/Charts.jsx:5:7
  14 |    Cell,
  15 |    Legend
  16 |  } from "recharts";
     |          ^
  17 |  import { motion } from "framer-motion";
  18 |  const monthly = [
      at TransformPluginContext._formatError (file:///home/workspace/node_modules/vite/dist/node/chunks/dep-D_zLpgQd.js:49258:41)
      at TransformPluginContext.error (file:///home/workspace/node_modules/vite/dist/node/chunks/dep-D_zLpgQd.js:49253:16)
      at normalizeUrl (file:///home/workspace/node_modules/vite/dist/node/chunks/dep-D_zLpgQd.js:64306:23)
      at process.processTicksAndRejections (node:internal/process/task_queues:105:5)
      at async file:///home/workspace/node_modules/vite/dist/node/chunks/dep-D_zLpgQd.js:64438:39
      at async Promise.all (index 2)
      at async TransformPluginContext.transform (file:///home/workspace/node_modules/vite/dist/node/chunks/dep-D_zLpgQd.js:64365:7)
      at async PluginContainer.transform (file:///home/workspace/node_modules/vite/dist/node/chunks/dep-D_zLpgQd.js:49099:18)
      at async loadAndTransform (file:///home/workspace/node_modules/vite/dist/node/chunks/dep-D_zLpgQd.js:51977:27)
      at async viteTransformMiddleware (file:///home/workspace/node_modules/vite/dist/node/chunks/dep-D_zLpgQd.js:62105:24)
